<?xml version="1.0" encoding="UTF-8"?>
<!-- Generated by org.testng.reporters.JUnitReportReporter -->
<testsuite hostname="VER-LT-06" name="olpack.Texample$TesNG_Example1" tests="5" failures="0" timestamp="27 Dec 2016 07:01:10 GMT" time="0.033" errors="0">
  <testcase name="tables" time="0.005" classname="olpack.Texample$TesNG_Example1"/>
  <testcase name="modularDivision" time="0.002" classname="olpack.Texample$TesNG_Example1"/>
  <testcase name="addition" time="0.016" classname="olpack.Texample$TesNG_Example1"/>
  <testcase name="Multiplication" time="0.008" classname="olpack.Texample$TesNG_Example1"/>
  <testcase name="substraction" time="0.002" classname="olpack.Texample$TesNG_Example1"/>
</testsuite> <!-- olpack.Texample$TesNG_Example1 -->
