<?xml version="1.0" encoding="UTF-8"?>
<!-- Generated by org.testng.reporters.JUnitReportReporter -->
<testsuite hostname="VER-LT-006" name="olpack.Data" tests="1" failures="0" timestamp="4 Aug 2017 09:31:00 GMT" time="0.016" errors="0">
  <testcase name="f" time="0.016" classname="olpack.Data"/>
</testsuite> <!-- olpack.Data -->
